2017-05-14 13:09:17 Error: [PDOException] SQLSTATE[23000]: Integrity constraint violation: 1062 Duplicate entry 'admin@admin.com' for key 'UNIQUE_EMAIL' in /var/www/html/mars/vendor/robmorgan/phinx/src/Phinx/Db/Adapter/PdoAdapter.php on line 389
Stack Trace:
#0 /var/www/html/mars/vendor/robmorgan/phinx/src/Phinx/Db/Adapter/PdoAdapter.php(389): PDOStatement->execute(Array)
#1 /var/www/html/mars/vendor/cakephp/migrations/src/CakeAdapter.php(379): Phinx\Db\Adapter\PdoAdapter->insert(Object(Phinx\Db\Table), Array)
#2 /var/www/html/mars/vendor/robmorgan/phinx/src/Phinx/Db/Table.php(653): Migrations\CakeAdapter->insert(Object(Phinx\Db\Table), Array)
#3 /var/www/html/mars/vendor/robmorgan/phinx/src/Phinx/Db/Table.php(641): Phinx\Db\Table->saveData()
#4 /var/www/html/mars/vendor/robmorgan/phinx/src/Phinx/Db/Table.php(667): Phinx\Db\Table->update()
#5 /var/www/html/mars/config/Seeds/AdminSeed.php(39): Phinx\Db\Table->save()
#6 /var/www/html/mars/vendor/robmorgan/phinx/src/Phinx/Migration/Manager/Environment.php(152): AdminSeed->run()
#7 /var/www/html/mars/vendor/robmorgan/phinx/src/Phinx/Migration/Manager.php(356): Phinx\Migration\Manager\Environment->executeSeed(Object(AdminSeed))
#8 /var/www/html/mars/vendor/robmorgan/phinx/src/Phinx/Migration/Manager.php(443): Phinx\Migration\Manager->executeSeed('default', Object(AdminSeed))
#9 /var/www/html/mars/vendor/robmorgan/phinx/src/Phinx/Console/Command/SeedRun.php(110): Phinx\Migration\Manager->seed('default')
#10 /var/www/html/mars/vendor/cakephp/migrations/src/ConfigurationTrait.php(165): Phinx\Console\Command\SeedRun->execute(Object(Symfony\Component\Console\Input\ArgvInput), Object(Symfony\Component\Console\Output\ConsoleOutput))
#11 /var/www/html/mars/vendor/cakephp/migrations/src/Command/Seed.php(71): Migrations\Command\Seed->parentExecute(Object(Symfony\Component\Console\Input\ArgvInput), Object(Symfony\Component\Console\Output\ConsoleOutput))
#12 /var/www/html/mars/vendor/symfony/console/Command/Command.php(264): Migrations\Command\Seed->execute(Object(Symfony\Component\Console\Input\ArgvInput), Object(Symfony\Component\Console\Output\ConsoleOutput))
#13 /var/www/html/mars/vendor/symfony/console/Application.php(835): Symfony\Component\Console\Command\Command->run(Object(Symfony\Component\Console\Input\ArgvInput), Object(Symfony\Component\Console\Output\ConsoleOutput))
#14 /var/www/html/mars/vendor/symfony/console/Application.php(200): Symfony\Component\Console\Application->doRunCommand(Object(Migrations\Command\Seed), Object(Symfony\Component\Console\Input\ArgvInput), Object(Symfony\Component\Console\Output\ConsoleOutput))
#15 /var/www/html/mars/vendor/symfony/console/Application.php(124): Symfony\Component\Console\Application->doRun(Object(Symfony\Component\Console\Input\ArgvInput), Object(Symfony\Component\Console\Output\ConsoleOutput))
#16 /var/www/html/mars/vendor/cakephp/migrations/src/Shell/MigrationsShell.php(101): Symfony\Component\Console\Application->run(Object(Symfony\Component\Console\Input\ArgvInput), Object(Symfony\Component\Console\Output\ConsoleOutput))
#17 /var/www/html/mars/vendor/cakephp/cakephp/src/Console/Shell.php(472): Migrations\Shell\MigrationsShell->main('migrations', 'seed')
#18 /var/www/html/mars/vendor/cakephp/migrations/src/Shell/MigrationsShell.php(156): Cake\Console\Shell->runCommand(Array, true, Array)
#19 /var/www/html/mars/vendor/cakephp/cakephp/src/Console/ShellDispatcher.php(230): Migrations\Shell\MigrationsShell->runCommand(Array, true, Array)
#20 /var/www/html/mars/vendor/cakephp/cakephp/src/Console/ShellDispatcher.php(182): Cake\Console\ShellDispatcher->_dispatch(Array)
#21 /var/www/html/mars/vendor/cakephp/cakephp/src/Console/ShellDispatcher.php(128): Cake\Console\ShellDispatcher->dispatch(Array)
#22 /var/www/html/mars/bin/cake.php(34): Cake\Console\ShellDispatcher::run(Array)
#23 {main}


